<?xml version="1.0" encoding="UTF-8" ?>
<testsuite tests="44" failures="0" name="runnerAskMsaSASM40.TestrunnerAskMsaSASM40" time="0.408" errors="2" skipped="40">
  <properties>
[...]
</properties>
  <testcase classname="Scenario: Manage Profile - Edit Profile" name="Given Run Browser for Edit Profile" time="0"/>
  <testcase classname="Scenario: Manage Profile - Edit Profile" name="When Browser is up, load ASK MSA VIP login page for Edit Profile" time="0"/>
  <testcase classname="Scenario: Manage Profile - Edit Profile" name="Then Enter Username for Edit Profile" time="0">
    <error message="no such element: Unable to locate element: {&quot;method&quot;:&quot;id&quot;,&quot;selector&quot;:&quot;txtUsername&quot;}
  (Session info: chrome=61.0.3163.100)
  (Driver info: chromedriver=2.31.488763 (092de99f48a300323ecf8c2a4e2e7cab51de5ba8),platform=Windows NT 10.0.15063 x86_64) (WARNING: The server did not provide any stacktrace information)
Command duration or timeout: 20.06 seconds
For documentation on this error, please visit: http://seleniumhq.org/exceptions/no_such_element.html
Build info: version: &apos;3.4.0&apos;, revision: &apos;unknown&apos;, time: &apos;unknown&apos;
System info: host: &apos;DESKTOP-3EKF22U&apos;, ip: &apos;10.10.5.37&apos;, os.name: &apos;Windows 10&apos;, os.arch: &apos;amd64&apos;, os.version: &apos;10.0&apos;, java.version: &apos;1.8.0_144&apos;
Driver info: org.openqa.selenium.chrome.ChromeDriver
Capabilities [{applicationCacheEnabled=false, rotatable=false, mobileEmulationEnabled=false, networkConnectionEnabled=false, chrome={chromedriverVersion=2.31.488763 (092de99f48a300323ecf8c2a4e2e7cab51de5ba8), userDataDir=C:\WINDOWS\TEMP\scoped_dir20260_4946}, takesHeapSnapshot=true, pageLoadStrategy=normal, databaseEnabled=false, handlesAlerts=true, hasTouchScreen=false, version=61.0.3163.100, platform=XP, browserConnectionEnabled=false, nativeEvents=true, acceptSslCerts=true, locationContextEnabled=true, webStorageEnabled=true, browserName=chrome, takesScreenshot=true, javascriptEnabled=true, cssSelectorsEnabled=true, setWindowRect=true, unexpectedAlertBehaviour=}]
Session ID: 71055a78c53344171e82d822ce900651
*** Element info: {Using=id, value=txtUsername}" type="org.openqa.selenium.NoSuchElementException">org.openqa.selenium.NoSuchElementException: no such element: Unable to locate element: {&quot;method&quot;:&quot;id&quot;,&quot;selector&quot;:&quot;txtUsername&quot;}
  (Session info: chrome=61.0.3163.100)
  (Driver info: chromedriver=2.31.488763 (092de99f48a300323ecf8c2a4e2e7cab51de5ba8),platform=Windows NT 10.0.15063 x86_64) (WARNING: The server did not provide any stacktrace information)
Command duration or timeout: 20.06 seconds
For documentation on this error, please visit: http://seleniumhq.org/exceptions/no_such_element.html
Build info: version: &apos;3.4.0&apos;, revision: &apos;unknown&apos;, time: &apos;unknown&apos;
System info: host: &apos;DESKTOP-3EKF22U&apos;, ip: &apos;10.10.5.37&apos;, os.name: &apos;Windows 10&apos;, os.arch: &apos;amd64&apos;, os.version: &apos;10.0&apos;, java.version: &apos;1.8.0_144&apos;
Driver info: org.openqa.selenium.chrome.ChromeDriver
Capabilities [{applicationCacheEnabled=false, rotatable=false, mobileEmulationEnabled=false, networkConnectionEnabled=false, chrome={chromedriverVersion=2.31.488763 (092de99f48a300323ecf8c2a4e2e7cab51de5ba8), userDataDir=C:\WINDOWS\TEMP\scoped_dir20260_4946}, takesHeapSnapshot=true, pageLoadStrategy=normal, databaseEnabled=false, handlesAlerts=true, hasTouchScreen=false, version=61.0.3163.100, platform=XP, browserConnectionEnabled=false, nativeEvents=true, acceptSslCerts=true, locationContextEnabled=true, webStorageEnabled=true, browserName=chrome, takesScreenshot=true, javascriptEnabled=true, cssSelectorsEnabled=true, setWindowRect=true, unexpectedAlertBehaviour=}]
Session ID: 71055a78c53344171e82d822ce900651
*** Element info: {Using=id, value=txtUsername}
	at sun.reflect.NativeConstructorAccessorImpl.newInstance0(Native Method)
	at sun.reflect.NativeConstructorAccessorImpl.newInstance(NativeConstructorAccessorImpl.java:62)
	at sun.reflect.DelegatingConstructorAccessorImpl.newInstance(DelegatingConstructorAccessorImpl.java:45)
	at java.lang.reflect.Constructor.newInstance(Constructor.java:423)
	at org.openqa.selenium.remote.ErrorHandler.createThrowable(ErrorHandler.java:215)
	at org.openqa.selenium.remote.ErrorHandler.throwIfResponseFailed(ErrorHandler.java:167)
	at org.openqa.selenium.remote.RemoteWebDriver.execute(RemoteWebDriver.java:671)
	at org.openqa.selenium.remote.RemoteWebDriver.findElement(RemoteWebDriver.java:410)
	at org.openqa.selenium.remote.RemoteWebDriver.findElementById(RemoteWebDriver.java:453)
	at org.openqa.selenium.By$ById.findElement(By.java:218)
	at org.openqa.selenium.remote.RemoteWebDriver.findElement(RemoteWebDriver.java:402)
	at stepDefinitionAskMsaSASM40.TestAskMsaSASM40.enter_Username_for_Edit_Profile(TestAskMsaSASM40.java:35)
	at ✽.Then Enter Username for Edit Profile(EditProfilePage.feature:6)
</error>
  </testcase>
  <testcase classname="Scenario: Manage Profile - Edit Profile" name="Scenario: Manage Profile - Edit Profile" time="0">
    <error message="no such element: Unable to locate element: {&quot;method&quot;:&quot;id&quot;,&quot;selector&quot;:&quot;txtUsername&quot;}
  (Session info: chrome=61.0.3163.100)
  (Driver info: chromedriver=2.31.488763 (092de99f48a300323ecf8c2a4e2e7cab51de5ba8),platform=Windows NT 10.0.15063 x86_64) (WARNING: The server did not provide any stacktrace information)
Command duration or timeout: 20.06 seconds
For documentation on this error, please visit: http://seleniumhq.org/exceptions/no_such_element.html
Build info: version: &apos;3.4.0&apos;, revision: &apos;unknown&apos;, time: &apos;unknown&apos;
System info: host: &apos;DESKTOP-3EKF22U&apos;, ip: &apos;10.10.5.37&apos;, os.name: &apos;Windows 10&apos;, os.arch: &apos;amd64&apos;, os.version: &apos;10.0&apos;, java.version: &apos;1.8.0_144&apos;
Driver info: org.openqa.selenium.chrome.ChromeDriver
Capabilities [{applicationCacheEnabled=false, rotatable=false, mobileEmulationEnabled=false, networkConnectionEnabled=false, chrome={chromedriverVersion=2.31.488763 (092de99f48a300323ecf8c2a4e2e7cab51de5ba8), userDataDir=C:\WINDOWS\TEMP\scoped_dir20260_4946}, takesHeapSnapshot=true, pageLoadStrategy=normal, databaseEnabled=false, handlesAlerts=true, hasTouchScreen=false, version=61.0.3163.100, platform=XP, browserConnectionEnabled=false, nativeEvents=true, acceptSslCerts=true, locationContextEnabled=true, webStorageEnabled=true, browserName=chrome, takesScreenshot=true, javascriptEnabled=true, cssSelectorsEnabled=true, setWindowRect=true, unexpectedAlertBehaviour=}]
Session ID: 71055a78c53344171e82d822ce900651
*** Element info: {Using=id, value=txtUsername}" type="org.openqa.selenium.NoSuchElementException">org.openqa.selenium.NoSuchElementException: no such element: Unable to locate element: {&quot;method&quot;:&quot;id&quot;,&quot;selector&quot;:&quot;txtUsername&quot;}
  (Session info: chrome=61.0.3163.100)
  (Driver info: chromedriver=2.31.488763 (092de99f48a300323ecf8c2a4e2e7cab51de5ba8),platform=Windows NT 10.0.15063 x86_64) (WARNING: The server did not provide any stacktrace information)
Command duration or timeout: 20.06 seconds
For documentation on this error, please visit: http://seleniumhq.org/exceptions/no_such_element.html
Build info: version: &apos;3.4.0&apos;, revision: &apos;unknown&apos;, time: &apos;unknown&apos;
System info: host: &apos;DESKTOP-3EKF22U&apos;, ip: &apos;10.10.5.37&apos;, os.name: &apos;Windows 10&apos;, os.arch: &apos;amd64&apos;, os.version: &apos;10.0&apos;, java.version: &apos;1.8.0_144&apos;
Driver info: org.openqa.selenium.chrome.ChromeDriver
Capabilities [{applicationCacheEnabled=false, rotatable=false, mobileEmulationEnabled=false, networkConnectionEnabled=false, chrome={chromedriverVersion=2.31.488763 (092de99f48a300323ecf8c2a4e2e7cab51de5ba8), userDataDir=C:\WINDOWS\TEMP\scoped_dir20260_4946}, takesHeapSnapshot=true, pageLoadStrategy=normal, databaseEnabled=false, handlesAlerts=true, hasTouchScreen=false, version=61.0.3163.100, platform=XP, browserConnectionEnabled=false, nativeEvents=true, acceptSslCerts=true, locationContextEnabled=true, webStorageEnabled=true, browserName=chrome, takesScreenshot=true, javascriptEnabled=true, cssSelectorsEnabled=true, setWindowRect=true, unexpectedAlertBehaviour=}]
Session ID: 71055a78c53344171e82d822ce900651
*** Element info: {Using=id, value=txtUsername}
	at sun.reflect.NativeConstructorAccessorImpl.newInstance0(Native Method)
	at sun.reflect.NativeConstructorAccessorImpl.newInstance(NativeConstructorAccessorImpl.java:62)
	at sun.reflect.DelegatingConstructorAccessorImpl.newInstance(DelegatingConstructorAccessorImpl.java:45)
	at java.lang.reflect.Constructor.newInstance(Constructor.java:423)
	at org.openqa.selenium.remote.ErrorHandler.createThrowable(ErrorHandler.java:215)
	at org.openqa.selenium.remote.ErrorHandler.throwIfResponseFailed(ErrorHandler.java:167)
	at org.openqa.selenium.remote.RemoteWebDriver.execute(RemoteWebDriver.java:671)
	at org.openqa.selenium.remote.RemoteWebDriver.findElement(RemoteWebDriver.java:410)
	at org.openqa.selenium.remote.RemoteWebDriver.findElementById(RemoteWebDriver.java:453)
	at org.openqa.selenium.By$ById.findElement(By.java:218)
	at org.openqa.selenium.remote.RemoteWebDriver.findElement(RemoteWebDriver.java:402)
	at stepDefinitionAskMsaSASM40.TestAskMsaSASM40.enter_Username_for_Edit_Profile(TestAskMsaSASM40.java:35)
	at ✽.Then Enter Username for Edit Profile(EditProfilePage.feature:6)
</error>
  </testcase>
  <testcase classname="Scenario: Manage Profile - Edit Profile" name="Then Enter Password for Edit Profile" time="0">
    <skipped/>
  </testcase>
  <testcase classname="Scenario: Manage Profile - Edit Profile" name="Then Click Login button for Edit Profile" time="0">
    <skipped/>
  </testcase>
  <testcase classname="Scenario: Manage Profile - Edit Profile" name="Then Click Profile dropdown for Edit Profile" time="0">
    <skipped/>
  </testcase>
  <testcase classname="Scenario: Manage Profile - Edit Profile" name="Then Click Profile option for Edit Profile" time="0">
    <skipped/>
  </testcase>
  <testcase classname="Scenario: Manage Profile - Edit Profile" name="Then Click Edit Profile button for Edit Profile" time="0">
    <skipped/>
  </testcase>
  <testcase classname="Scenario: Manage Profile - Edit Profile" name="Then Validate that Edit Profile Page is loaded" time="0">
    <skipped/>
  </testcase>
  <testcase classname="Scenario: Manage Profile - Edit Profile" name="Then Validate that Edit Profile header is displayed for Edit Profile" time="0">
    <skipped/>
  </testcase>
  <testcase classname="Scenario: Manage Profile - Edit Profile" name="Then Validate that Edit Profile header text is correct for Edit Profile" time="0">
    <skipped/>
  </testcase>
  <testcase classname="Scenario: Manage Profile - Edit Profile" name="Then Validate that Personal Details header is displayed for Edit Profile" time="0">
    <skipped/>
  </testcase>
  <testcase classname="Scenario: Manage Profile - Edit Profile" name="Then Validate that Personal Details header text is correct for Edit Profile" time="0">
    <skipped/>
  </testcase>
  <testcase classname="Scenario: Manage Profile - Edit Profile" name="Then Validate that First Name label is present for Edit Profile" time="0">
    <skipped/>
  </testcase>
  <testcase classname="Scenario: Manage Profile - Edit Profile" name="Then Validate that First Name label text is correct for Edit Profile" time="0">
    <skipped/>
  </testcase>
  <testcase classname="Scenario: Manage Profile - Edit Profile" name="Then Validate that First Name textfield is present for Edit Profile" time="0">
    <skipped/>
  </testcase>
  <testcase classname="Scenario: Manage Profile - Edit Profile" name="Then Validate that First Name textfield value is correct for Edit Profile" time="0">
    <skipped/>
  </testcase>
  <testcase classname="Scenario: Manage Profile - Edit Profile" name="Then Validate that Last Name label is present for Edit Profile" time="0">
    <skipped/>
  </testcase>
  <testcase classname="Scenario: Manage Profile - Edit Profile" name="Then Validate that Last Name label text is correct for Edit Profile" time="0">
    <skipped/>
  </testcase>
  <testcase classname="Scenario: Manage Profile - Edit Profile" name="Then Validate that Last Name textfield is present for Edit Profile" time="0">
    <skipped/>
  </testcase>
  <testcase classname="Scenario: Manage Profile - Edit Profile" name="Then Validate that Last Name textfield value is correct for Edit Profile" time="0">
    <skipped/>
  </testcase>
  <testcase classname="Scenario: Manage Profile - Edit Profile" name="Then Validate that Email label is present for Edit Profile" time="0">
    <skipped/>
  </testcase>
  <testcase classname="Scenario: Manage Profile - Edit Profile" name="Then Validate that Email label text is correct for Edit Profile" time="0">
    <skipped/>
  </testcase>
  <testcase classname="Scenario: Manage Profile - Edit Profile" name="Then Validate that Email textfield is present for Edit Profile" time="0.015">
    <skipped/>
  </testcase>
  <testcase classname="Scenario: Manage Profile - Edit Profile" name="Then Validate that Email textfield value is correct for Edit Profile" time="0.016">
    <skipped/>
  </testcase>
  <testcase classname="Scenario: Manage Profile - Edit Profile" name="Then Validate that Company label is present for Edit Profile" time="0.016">
    <skipped/>
  </testcase>
  <testcase classname="Scenario: Manage Profile - Edit Profile" name="Then Validate that Company label text is correct for Edit Profile" time="0.017">
    <skipped/>
  </testcase>
  <testcase classname="Scenario: Manage Profile - Edit Profile" name="Then Validate that Company textfield is present for Edit Profile" time="0.018">
    <skipped/>
  </testcase>
  <testcase classname="Scenario: Manage Profile - Edit Profile" name="Then Validate that Company textfield value is correct for Edit Profile" time="0.018">
    <skipped/>
  </testcase>
  <testcase classname="Scenario: Manage Profile - Edit Profile" name="Then Validate that Company textfield is disabled for Edit Profile" time="0.019">
    <skipped/>
  </testcase>
  <testcase classname="Scenario: Manage Profile - Edit Profile" name="Then Validate that Telephone label is present for Edit Profile" time="0.019">
    <skipped/>
  </testcase>
  <testcase classname="Scenario: Manage Profile - Edit Profile" name="Then Validate that Telephone label text is correct for Edit Profile" time="0.02">
    <skipped/>
  </testcase>
  <testcase classname="Scenario: Manage Profile - Edit Profile" name="Then Validate that Telephone textfield is present for Edit Profile" time="0.02">
    <skipped/>
  </testcase>
  <testcase classname="Scenario: Manage Profile - Edit Profile" name="Then Validate that Telephone textfield value is correct for Edit Profile" time="0.021">
    <skipped/>
  </testcase>
  <testcase classname="Scenario: Manage Profile - Edit Profile" name="Then Validate that Comments label is present for Edit Profile" time="0.021">
    <skipped/>
  </testcase>
  <testcase classname="Scenario: Manage Profile - Edit Profile" name="Then Validate that Comments label text is correct for Edit Profile" time="0.022">
    <skipped/>
  </testcase>
  <testcase classname="Scenario: Manage Profile - Edit Profile" name="Then Validate that Comments textfield is present for Edit Profile" time="0.022">
    <skipped/>
  </testcase>
  <testcase classname="Scenario: Manage Profile - Edit Profile" name="Then Validate that Comments textfield value is correct for Edit Profile" time="0.023">
    <skipped/>
  </testcase>
  <testcase classname="Scenario: Manage Profile - Edit Profile" name="Then Validate that Save Changes button is present for Edit Profile" time="0.023">
    <skipped/>
  </testcase>
  <testcase classname="Scenario: Manage Profile - Edit Profile" name="Then Validate that Save Changes button text is correct for Edit Profile" time="0.024">
    <skipped/>
  </testcase>
  <testcase classname="Scenario: Manage Profile - Edit Profile" name="Then Validate that Cancel button is present for Edit Profile" time="0.024">
    <skipped/>
  </testcase>
  <testcase classname="Scenario: Manage Profile - Edit Profile" name="Then Validate that Cancel button text is correct for Edit Profile" time="0.025">
    <skipped/>
  </testcase>
  <testcase classname="Scenario: Manage Profile - Edit Profile" name="Then Close Browser Driver for Edit Profile" time="0.025">
    <skipped/>
  </testcase>
</testsuite>